生成启动时间为 2016/3/17 23:27:27。
     1>项目“D:\Documents\Visual Studio 2010\Projects\wc1\wc1\wc1.vcxproj”在节点 2 上(build 个目标)。
     1>InitializeBuildStatus:
         正在创建“Debug\wc1.unsuccessfulbuild”，因为已指定“AlwaysCreate”。
       ClCompile:
         所有输出均为最新。
         E:\C\VC\bin\CL.exe /c /ZI /nologo /W3 /WX- /Od /Oy- /D WIN32 /D _DEBUG /D _CONSOLE /D _UNICODE /D UNICODE /Gm /EHsc /RTC1 /MDd /GS /fp:precise /Zc:wchar_t /Zc:forScope /Yu"StdAfx.h" /Fp"Debug\wc1.pch" /Fo"Debug\\" /Fd"Debug\vc100.pdb" /Gd /TP /analyze- /errorReport:prompt wc1.cpp
         wc1.cpp
     1>d:\documents\visual studio 2010\projects\wc1\wc1\wc1.cpp(18): warning C4996: 'gets': This function or variable may be unsafe. Consider using gets_s instead. To disable deprecation, use _CRT_SECURE_NO_WARNINGS. See online help for details.
                 e:\c\vc\include\stdio.h(277) : 参见“gets”的声明
     1>d:\documents\visual studio 2010\projects\wc1\wc1\wc1.cpp(19): warning C4996: 'fopen': This function or variable may be unsafe. Consider using fopen_s instead. To disable deprecation, use _CRT_SECURE_NO_WARNINGS. See online help for details.
                 e:\c\vc\include\stdio.h(234) : 参见“fopen”的声明
       ManifestResourceCompile:
         所有输出均为最新。
       Link:
         E:\C\VC\bin\link.exe /ERRORREPORT:PROMPT /OUT:"D:\Documents\Visual Studio 2010\Projects\wc1\Debug\wc1.exe" /INCREMENTAL /NOLOGO kernel32.lib user32.lib gdi32.lib winspool.lib comdlg32.lib advapi32.lib shell32.lib ole32.lib oleaut32.lib uuid.lib odbc32.lib odbccp32.lib /MANIFEST /ManifestFile:"Debug\wc1.exe.intermediate.manifest" /MANIFESTUAC:"level='asInvoker' uiAccess='false'" /DEBUG /PDB:"D:\Documents\Visual Studio 2010\Projects\wc1\Debug\wc1.pdb" /SUBSYSTEM:CONSOLE /TLBID:1 /DYNAMICBASE /NXCOMPAT /IMPLIB:"D:\Documents\Visual Studio 2010\Projects\wc1\Debug\wc1.lib" /MACHINE:X86 Debug\wc1.exe.embed.manifest.res
         Debug\stdafx.obj
         Debug\wc1.obj
       Manifest:
         C:\Program Files (x86)\Microsoft SDKs\Windows\v7.0A\bin\mt.exe /nologo /verbose /out:"Debug\wc1.exe.embed.manifest" /manifest Debug\wc1.exe.intermediate.manifest
         所有输出均为最新。
       LinkEmbedManifest:
         所有输出均为最新。
         wc1.vcxproj -> D:\Documents\Visual Studio 2010\Projects\wc1\Debug\wc1.exe
       FinalizeBuildStatus:
         正在删除文件“Debug\wc1.unsuccessfulbuild”。
         正在对“Debug\wc1.lastbuildstate”执行 Touch 任务。
     1>已完成生成项目“D:\Documents\Visual Studio 2010\Projects\wc1\wc1\wc1.vcxproj”(build 个目标)的操作。

生成成功。

已用时间 00:00:01.14
